16:44:12.026 [main] INFO  TestCases.TC_003_GiftCards - Sort price from High to Low
16:44:19.542 [main] INFO  TestCases.TC_003_GiftCards - Set Price Under 15000
16:44:29.294 [main] INFO  TestCases.TC_003_GiftCards - Get Name,Price of Bookshelves and print in the console
16:44:31.879 [main] INFO  TestCases.TC_003_GiftCards - ***** Finished TC_001_FindDetailsOfBookShelvesTest *****
16:44:33.242 [main] INFO  TestCases.TC_003_GiftCards - ***** Starting TC_002_ItemsUnderLivingTest *****
16:44:40.249 [main] INFO  TestCases.TC_003_GiftCards - ***** Display Items under Living in the HomePage  *****
16:44:43.716 [main] INFO  TestCases.TC_003_GiftCards - ***** Store Items in a list  *****
16:44:43.716 [main] INFO  TestCases.TC_003_GiftCards - **** Display Items in the console *****
16:48:25.162 [main] INFO  TestCases.TC_003_GiftCards - ***** Starting TC_001_FindDetailsOfBookShelvesTest *****
16:48:28.558 [main] DEBUG TestCases.TC_003_GiftCards - Application logs has started........
16:48:28.558 [main] INFO  TestCases.TC_003_GiftCards - Search Bookshelves in the Home Page
16:48:29.207 [main] INFO  TestCases.TC_003_GiftCards - Click on the search button
16:48:42.995 [main] INFO  TestCases.TC_003_GiftCards - Click Exclude out of stock
16:48:48.388 [main] INFO  TestCases.TC_003_GiftCards - Move to category and  click kidbookshelves
16:48:57.268 [main] INFO  TestCases.TC_003_GiftCards - Sort price from High to Low
16:49:03.920 [main] INFO  TestCases.TC_003_GiftCards - Set Price Under 15000
16:49:13.077 [main] INFO  TestCases.TC_003_GiftCards - Get Name,Price of Bookshelves and print in the console
16:49:13.557 [main] INFO  TestCases.TC_003_GiftCards - ***** Finished TC_001_FindDetailsOfBookShelvesTest *****
16:49:14.573 [main] INFO  TestCases.TC_003_GiftCards - ***** Starting TC_002_ItemsUnderLivingTest *****
16:49:21.587 [main] INFO  TestCases.TC_003_GiftCards - ***** Display Items under Living in the HomePage  *****
16:49:24.976 [main] INFO  TestCases.TC_003_GiftCards - ***** Store Items in a list  *****
16:49:24.980 [main] INFO  TestCases.TC_003_GiftCards - **** Display Items in the console *****
17:01:14.515 [main] INFO  TestCases.TC_003_GiftCards - ***** Starting TC_001_FindDetailsOfBookShelvesTest *****
17:01:17.630 [main] DEBUG TestCases.TC_003_GiftCards - Application logs has started........
17:01:17.630 [main] INFO  TestCases.TC_003_GiftCards - Search Bookshelves in the Home Page
17:01:17.970 [main] INFO  TestCases.TC_003_GiftCards - Click on the search button
17:01:59.767 [main] INFO  TestCases.TC_003_GiftCards - Click Exclude out of stock
17:02:05.151 [main] INFO  TestCases.TC_003_GiftCards - Move to category and  click kidbookshelves
17:02:13.840 [main] INFO  TestCases.TC_003_GiftCards - Sort price from High to Low
17:02:20.255 [main] INFO  TestCases.TC_003_GiftCards - Set Price Under 15000
17:02:29.330 [main] INFO  TestCases.TC_003_GiftCards - Get Name,Price of Bookshelves and print in the console
17:02:29.997 [main] INFO  TestCases.TC_003_GiftCards - ***** Finished TC_001_FindDetailsOfBookShelvesTest *****
17:02:30.784 [main] INFO  TestCases.TC_003_GiftCards - ***** Starting TC_002_ItemsUnderLivingTest *****
17:02:37.803 [main] INFO  TestCases.TC_003_GiftCards - ***** Display Items under Living in the HomePage  *****
17:02:41.327 [main] INFO  TestCases.TC_003_GiftCards - ***** Store Items in a list  *****
17:02:41.327 [main] INFO  TestCases.TC_003_GiftCards - **** Display Items in the console *****
17:07:23.965 [main] INFO  TestCases.TC_003_GiftCards - ***** Starting TC_001_FindDetailsOfBookShelvesTest *****
17:07:27.206 [main] DEBUG TestCases.TC_003_GiftCards - Application logs has started........
17:07:27.206 [main] INFO  TestCases.TC_003_GiftCards - Search Bookshelves in the Home Page
17:07:27.638 [main] INFO  TestCases.TC_003_GiftCards - Click on the search button
17:07:41.980 [main] INFO  TestCases.TC_003_GiftCards - Click Exclude out of stock
17:07:47.772 [main] INFO  TestCases.TC_003_GiftCards - Move to category and  click kidbookshelves
17:07:56.282 [main] INFO  TestCases.TC_003_GiftCards - Sort price from High to Low
17:08:02.727 [main] INFO  TestCases.TC_003_GiftCards - Set Price Under 15000
17:08:11.819 [main] INFO  TestCases.TC_003_GiftCards - Get Name,Price of Bookshelves and print in the console
17:08:12.259 [main] INFO  TestCases.TC_003_GiftCards - ***** Finished TC_001_FindDetailsOfBookShelvesTest *****
17:08:13.026 [main] INFO  TestCases.TC_003_GiftCards - ***** Starting TC_002_ItemsUnderLivingTest *****
17:08:20.048 [main] INFO  TestCases.TC_003_GiftCards - ***** Display Items under Living in the HomePage  *****
17:08:23.386 [main] INFO  TestCases.TC_003_GiftCards - ***** Store Items in a list  *****
17:08:23.387 [main] INFO  TestCases.TC_003_GiftCards - **** Display Items in the console *****
17:13:39.862 [main] INFO  TestCases.TC_003_GiftCards - ***** Starting TC_001_FindDetailsOfBookShelvesTest *****
17:13:43.029 [main] DEBUG TestCases.TC_003_GiftCards - Application logs has started........
